<?xml version="1.0" encoding="UTF-8"?>
<!-- Generated by org.testng.reporters.JUnitXMLReporter -->
<testsuite hostname="Lenovo-PC" name="Test" tests="11" failures="0" timestamp="24 Jun 2016 03:06:40 GMT" time="337.134" errors="0">
  <testcase name="Test01_SearchByTasktime" time="7.44" classname="com.g7s.zptdt.service.Testcase_SendtaskManagementSearch"/>
  <testcase name="Test02_SearchByPostman" time="0.666" classname="com.g7s.zptdt.service.Testcase_SendtaskManagementSearch"/>
  <testcase name="Test01_ImportPostman" time="52.24" classname="com.g7s.zptdt.service.Testcase_SendtaskManagementImport"/>
  <testcase name="Test01_AddPostman" time="25.204" classname="com.g7s.zptdt.service.Testcase_PostmanManagementAdd"/>
  <testcase name="Test01_DeletePostman" time="6.978" classname="com.g7s.zptdt.service.Testcase_PostmanManagementDelete"/>
  <testcase name="Test01_ImportPostman" time="35.315" classname="com.g7s.zptdt.service.Testcase_PostmanManagementImport"/>
  <testcase name="Test01_LocatePostman" time="0.0" classname="com.g7s.zptdt.service.Testcase_PostmanManagementLocate"/>
  <testcase name="Test01_SearchByPostmanname" time="8.976" classname="com.g7s.zptdt.service.Testcase_PostmanManagementSearch"/>
  <testcase name="Test02_SearchByPhone" time="8.962" classname="com.g7s.zptdt.service.Testcase_PostmanManagementSearch"/>
  <testcase name="Test03_SearchByOrg" time="11.101" classname="com.g7s.zptdt.service.Testcase_PostmanManagementSearch"/>
  <testcase name="Test01_EditUsedPostman" time="24.259" classname="com.g7s.zptdt.service.Testcase_PostmanManagementUpdate"/>
</testsuite> <!-- Test -->
