<?xml version="1.0" encoding="UTF-8"?>
<!-- Generated by org.testng.reporters.JUnitXMLReporter -->
<testsuite hostname="Lenovo-PC" name="TestDemo" tests="5" failures="0" timestamp="19 Feb 2016 02:15:06 GMT" time="167.807" errors="0">
  <testcase name="Test01_AddPostman" time="25.185" classname="com.g7s.zptdt.service.Testcase_PostmanManagementAdd"/>
  <testcase name="Test01_ImportPostman" time="35.294" classname="com.g7s.zptdt.service.Testcase_PostmanManagementImport"/>
  <testcase name="Test01_SearchByPostmanname" time="8.828" classname="com.g7s.zptdt.service.Testcase_PostmanManagementSearch"/>
  <testcase name="Test02_SearchByPhone" time="8.901" classname="com.g7s.zptdt.service.Testcase_PostmanManagementSearch"/>
  <testcase name="Test03_SearchByOrg" time="10.968" classname="com.g7s.zptdt.service.Testcase_PostmanManagementSearch"/>
</testsuite> <!-- TestDemo -->
